INFO    , SCRIPT                                       , 2021-05-28 09:30:48.303, This text has a SCRIPT header added to it
INFO    , SCRIPT                                       , 2021-05-28 09:31:36.978, This text has a SCRIPT header added to it
INFO    , cc_simulator.aggregate._config               , 2021-05-28 09:31:36.979, Originator - Ip Address: 192.168.1.22, Name: Primary
INFO    , cc_simulator.aggregate._config               , 2021-05-28 09:31:36.979, Originator - Ip Address: 192.168.1.23, Name: Primary
INFO    , cc_simulator.aggregate._config               , 2021-05-28 09:31:36.979, Target - Ip Address: 192.168.1.20, Slot Numbers: [3] Name: Adapter_E
INFO    , cc_simulator.aggregate._config               , 2021-05-28 09:31:36.987, Target - Ip Address: 192.168.1.21, Slot Numbers: [3] Name: Adapter_E
INFO    , cc_simulator.aggregate._config               , 2021-05-28 09:31:36.988, Participant - Slot Numbers: [3] identifier: 1 connection_parameters {'conn_serial_num': 11,
 'ioi_path': [ClassId(895),
              InstanceId(1),
              ConnectionPoint(110),
              ConnectionPoint(101)],
 'orig_serial_num': 2,
 'orig_vendor_id': 1,
 'ot_network_conn_params': {'conn_size': 1},
 'ot_rpi': 100000,
 'to_network_conn_params': {'conn_size': 5},
 'to_rpi': 100000}
INFO    , cc_simulator.aggregate._config               , 2021-05-28 09:31:36.989, Participant - Slot Numbers: [3] identifier: 2 connection_parameters {'conn_serial_num': 12,
 'ioi_path': [ClassId(895),
              InstanceId(1),
              ConnectionPoint(111),
              ConnectionPoint(102)],
 'orig_serial_num': 2,
 'orig_vendor_id': 1,
 'ot_network_conn_params': {'conn_size': 32},
 'ot_rpi': 100000,
 'to_network_conn_params': {'conn_size': 36},
 'to_rpi': 100000}
DEBUG   , cc_simulator.resources._agg_connection       , 2021-05-28 09:31:36.990, <cc_simulator.resources._agg_connection.Connection object at 0x048E6AC0>, timeout=9
DEBUG   , cc_simulator.resources._agg_connection       , 2021-05-28 09:31:36.990, <cc_simulator.resources._agg_connection.Connection object at 0x048E6DA8>, timeout=9
DEBUG   , cc_simulator.resources._agg_connection       , 2021-05-28 09:31:36.990, <cc_simulator.resources._agg_connection.Connection object at 0x04906190>, timeout=9
DEBUG   , cc_simulator.resources._agg_connection       , 2021-05-28 09:31:36.990, <cc_simulator.resources._agg_connection.Connection object at 0x04906550>, timeout=9
DEBUG   , cc_simulator.aggregate._agg                  , 2021-05-28 09:31:37.023, <cc_simulator.aggregate._agg.AggregatedConnection object at 0x048E6910>, starting UDP servers
DEBUG   , cc_simulator.resources._async_resource       , 2021-05-28 09:31:37.023, <cc_simulator.resources._udp_socket.UdpSocket object at 0x04906E98>, __aenter__
DEBUG   , cc_simulator.resources._async_resource       , 2021-05-28 09:31:37.023, <cc_simulator.resources._udp_socket.UdpSocket object at 0x04906E98>, opening
DEBUG   , cc_simulator.resources._async_resource       , 2021-05-28 09:31:37.024, <cc_simulator.resources._udp_socket.UdpSocket object at 0x04906E98>, resource open exception
Traceback (most recent call last):
  File "C:\Users\RSt.Pie\AppData\Roaming\Python\Python38\site-packages\cc_simulator\resources\_async_resource.py", line 42, in open
    await self._open()
  File "C:\Users\RSt.Pie\AppData\Roaming\Python\Python38\site-packages\cc_simulator\resources\_udp_socket.py", line 32, in _open
    await self._udp_socket.bind(self._source_address)
  File "C:\Users\RSt.Pie\AppData\Roaming\Python\Python38\site-packages\trio\_socket.py", line 462, in bind
    return self._sock.bind(address)
OSError: [WinError 10049] The requested address is not valid in its context
INFO    , SCRIPT                                       , 2021-05-28 09:34:29.461, This text has a SCRIPT header added to it
INFO    , cc_simulator.aggregate._config               , 2021-05-28 09:34:29.462, Originator - Ip Address: 192.168.1.10, Name: Primary
INFO    , SCRIPT                                       , 2021-05-28 09:36:03.632, This text has a SCRIPT header added to it
INFO    , cc_simulator.aggregate._config               , 2021-05-28 09:36:03.633, Originator - Ip Address: 192.168.1.10, Name: Primary
INFO    , cc_simulator.aggregate._config               , 2021-05-28 09:36:03.633, Target - Ip Address: 192.168.1.9, Slot Numbers: None Name: Adapter_E
INFO    , cc_simulator.aggregate._config               , 2021-05-28 09:36:03.634, Participant - Slot Numbers: [3] identifier: 1 connection_parameters {'conn_serial_num': 11,
 'ioi_path': [ClassId(895),
              InstanceId(1),
              ConnectionPoint(110),
              ConnectionPoint(101)],
 'orig_serial_num': 2,
 'orig_vendor_id': 1,
 'ot_network_conn_params': {'conn_size': 1},
 'ot_rpi': 100000,
 'to_network_conn_params': {'conn_size': 5},
 'to_rpi': 100000}
INFO    , cc_simulator.aggregate._config               , 2021-05-28 09:36:03.634, Participant - Slot Numbers: [3] identifier: 2 connection_parameters {'conn_serial_num': 12,
 'ioi_path': [ClassId(895),
              InstanceId(1),
              ConnectionPoint(111),
              ConnectionPoint(102)],
 'orig_serial_num': 2,
 'orig_vendor_id': 1,
 'ot_network_conn_params': {'conn_size': 32},
 'ot_rpi': 100000,
 'to_network_conn_params': {'conn_size': 36},
 'to_rpi': 100000}
